<?xml version="1.0" encoding="UTF-8"?>
<testsuite name="com.jpyunism.ollamacloudusage.WeeklyResetDetectionTest" tests="7" skipped="0" failures="0" errors="0" timestamp="2026-09-10T11:56:22.555Z" hostname="server" time="0.001">
  <properties/>
  <testcase name="caida gradual en varios snapshots no detecta" classname="com.jpyunism.ollamacloudusage.WeeklyResetDetectionTest" time="0.0"/>
  <testcase name="devuelve el ultimo reset detectado en el historico" classname="com.jpyunism.ollamacloudusage.WeeklyResetDetectionTest" time="0.0"/>
  <testcase name="caida de menos de 15pp no detecta" classname="com.jpyunism.ollamacloudusage.WeeklyResetDetectionTest" time="0.0"/>
  <testcase name="caida brusca de 15pp o mas en menos de 4h detecta reset" classname="com.jpyunism.ollamacloudusage.WeeklyResetDetectionTest" time="0.0"/>
  <testcase name="menos de dos snapshots no detecta" classname="com.jpyunism.ollamacloudusage.WeeklyResetDetectionTest" time="0.0"/>
  <testcase name="caida de 15pp pero despues de mas de 4h no detecta" classname="com.jpyunism.ollamacloudusage.WeeklyResetDetectionTest" time="0.0"/>
  <testcase name="subidas de porcentaje no detectan" classname="com.jpyunism.ollamacloudusage.WeeklyResetDetectionTest" time="0.001"/>
  <system-out><![CDATA[]]></system-out>
  <system-err><![CDATA[]]></system-err>
</testsuite>
