<?xml version="1.0" encoding="UTF-8"?>
<testsuite name="com.jpyunism.ollamacloudusage.UsageHistoryTest" tests="17" skipped="0" failures="0" errors="0" timestamp="2026-09-10T11:56:22.547Z" hostname="server" time="0.007">
  <properties/>
  <testcase name="resumen con ultimo periodo cerrado y periodo actual" classname="com.jpyunism.ollamacloudusage.UsageHistoryTest" time="0.002"/>
  <testcase name="agrupa snapshots en periodos semanales alineados al reset" classname="com.jpyunism.ollamacloudusage.UsageHistoryTest" time="0.0"/>
  <testcase name="devuelve el snapshot mas cercano en el tiempo" classname="com.jpyunism.ollamacloudusage.UsageHistoryTest" time="0.0"/>
  <testcase name="sin reset conocido ancla desde el ultimo snapshot" classname="com.jpyunism.ollamacloudusage.UsageHistoryTest" time="0.0"/>
  <testcase name="pico de la barra es el maximo del periodo no el ultimo snapshot" classname="com.jpyunism.ollamacloudusage.UsageHistoryTest" time="0.0"/>
  <testcase name="marcadores son los resets ya ocurridos dentro del rango" classname="com.jpyunism.ollamacloudusage.UsageHistoryTest" time="0.0"/>
  <testcase name="sin snapshots devuelve null" classname="com.jpyunism.ollamacloudusage.UsageHistoryTest" time="0.0"/>
  <testcase name="sin datos devuelve resumen vacio" classname="com.jpyunism.ollamacloudusage.UsageHistoryTest" time="0.0"/>
  <testcase name="sin snapshots devuelve lista vacia" classname="com.jpyunism.ollamacloudusage.UsageHistoryTest" time="0.0"/>
  <testcase name="periodo actual marcado como en curso" classname="com.jpyunism.ollamacloudusage.UsageHistoryTest" time="0.0"/>
  <testcase name="una barra por periodo con datos en orden cronologico" classname="com.jpyunism.ollamacloudusage.UsageHistoryTest" time="0.001"/>
  <testcase name="pico del periodo es el maximo porcentaje" classname="com.jpyunism.ollamacloudusage.UsageHistoryTest" time="0.0"/>
  <testcase name="periodos vacios intermedios se omiten" classname="com.jpyunism.ollamacloudusage.UsageHistoryTest" time="0.0"/>
  <testcase name="sesion agrupa cada 24 horas" classname="com.jpyunism.ollamacloudusage.UsageHistoryTest" time="0.001"/>
  <testcase name="periodBars sin snapshots devuelve lista vacia" classname="com.jpyunism.ollamacloudusage.UsageHistoryTest" time="0.0"/>
  <testcase name="sesion genera una barra por cada 24 horas" classname="com.jpyunism.ollamacloudusage.UsageHistoryTest" time="0.0"/>
  <testcase name="sin periodo cerrado devuelve solo el actual" classname="com.jpyunism.ollamacloudusage.UsageHistoryTest" time="0.001"/>
  <system-out><![CDATA[]]></system-out>
  <system-err><![CDATA[]]></system-err>
</testsuite>
