<?xml version="1.0" encoding="UTF-8"?>
<testsuite name="com.jpyunism.ollamacloudusage.PaceAlertTest" tests="8" skipped="0" failures="0" errors="0" timestamp="2026-09-10T11:56:22.507Z" hostname="server" time="0.003">
  <properties/>
  <testcase name="proyeccion justo en 100 no dispara (requiere superar)" classname="com.jpyunism.ollamacloudusage.PaceAlertTest" time="0.001"/>
  <testcase name="sin snapshots no dispara" classname="com.jpyunism.ollamacloudusage.PaceAlertTest" time="0.0"/>
  <testcase name="proyeccion bajo 100 no dispara alerta" classname="com.jpyunism.ollamacloudusage.PaceAlertTest" time="0.0"/>
  <testcase name="selector de sesion usa sessionPercent" classname="com.jpyunism.ollamacloudusage.PaceAlertTest" time="0.0"/>
  <testcase name="sin ancla no dispara" classname="com.jpyunism.ollamacloudusage.PaceAlertTest" time="0.0"/>
  <testcase name="menos de dos snapshots no dispara" classname="com.jpyunism.ollamacloudusage.PaceAlertTest" time="0.0"/>
  <testcase name="proyeccion sobre 100 dispara alerta" classname="com.jpyunism.ollamacloudusage.PaceAlertTest" time="0.0"/>
  <testcase name="selector de semana usa weeklyPercent" classname="com.jpyunism.ollamacloudusage.PaceAlertTest" time="0.0"/>
  <system-out><![CDATA[]]></system-out>
  <system-err><![CDATA[]]></system-err>
</testsuite>
