<?xml version="1.0" encoding="UTF-8"?>
<testsuite name="com.jpyunism.ollamacloudusage.TrafficLightTest" tests="7" skipped="0" failures="0" errors="0" timestamp="2026-09-10T11:56:22.544Z" hostname="server" time="0.001">
  <properties/>
  <testcase name="porcentaje bajo el umbral de alerta es verde" classname="com.jpyunism.ollamacloudusage.TrafficLightTest" time="0.0"/>
  <testcase name="borde exacto del umbral de alerta es ámbar" classname="com.jpyunism.ollamacloudusage.TrafficLightTest" time="0.0"/>
  <testcase name="borde exacto del umbral crítico es rojo" classname="com.jpyunism.ollamacloudusage.TrafficLightTest" time="0.0"/>
  <testcase name="umbrales personalizados se respetan" classname="com.jpyunism.ollamacloudusage.TrafficLightTest" time="0.0"/>
  <testcase name="porcentaje sobre la crítica es rojo" classname="com.jpyunism.ollamacloudusage.TrafficLightTest" time="0.0"/>
  <testcase name="sin configuración usa los umbrales default 80 y 95" classname="com.jpyunism.ollamacloudusage.TrafficLightTest" time="0.0"/>
  <testcase name="entre alerta y crítica es ámbar" classname="com.jpyunism.ollamacloudusage.TrafficLightTest" time="0.0"/>
  <system-out><![CDATA[]]></system-out>
  <system-err><![CDATA[]]></system-err>
</testsuite>
