<?xml version="1.0" encoding="UTF-8"?>
<testsuite name="com.jpyunism.ollamacloudusage.FormatPercentTest" tests="3" skipped="0" failures="0" errors="0" timestamp="2026-09-10T11:56:22.496Z" hostname="server" time="0.001">
  <properties/>
  <testcase name="un decimal con redondeo" classname="com.jpyunism.ollamacloudusage.FormatPercentTest" time="0.001"/>
  <testcase name="redondeo de borde" classname="com.jpyunism.ollamacloudusage.FormatPercentTest" time="0.0"/>
  <testcase name="enteros sin decimales" classname="com.jpyunism.ollamacloudusage.FormatPercentTest" time="0.0"/>
  <system-out><![CDATA[]]></system-out>
  <system-err><![CDATA[]]></system-err>
</testsuite>
