<?xml version="1.0" encoding="UTF-8"?>
<testsuite name="com.jpyunism.ollamacloudusage.BalanceTest" tests="15" skipped="0" failures="0" errors="0" timestamp="2026-09-10T11:56:22.456Z" hostname="server" time="0.01">
  <properties/>
  <testcase name="inicio del periodo cualquier consumo es deficit" classname="com.jpyunism.ollamacloudusage.BalanceTest" time="0.005"/>
  <testcase name="label en ingles" classname="com.jpyunism.ollamacloudusage.BalanceTest" time="0.001"/>
  <testcase name="despues del reset devuelve null" classname="com.jpyunism.ollamacloudusage.BalanceTest" time="0.0"/>
  <testcase name="delta menor a 0_05 redondea a cero y devuelve null" classname="com.jpyunism.ollamacloudusage.BalanceTest" time="0.0"/>
  <testcase name="label null devuelve null" classname="com.jpyunism.ollamacloudusage.BalanceTest" time="0.0"/>
  <testcase name="reset null devuelve null" classname="com.jpyunism.ollamacloudusage.BalanceTest" time="0.0"/>
  <testcase name="antes del inicio del periodo devuelve null" classname="com.jpyunism.ollamacloudusage.BalanceTest" time="0.001"/>
  <testcase name="delta redondeado a un decimal se conserva" classname="com.jpyunism.ollamacloudusage.BalanceTest" time="0.0"/>
  <testcase name="semana usa duracion de 168 horas" classname="com.jpyunism.ollamacloudusage.BalanceTest" time="0.0"/>
  <testcase name="mitad del periodo con consumo menor al esperado es superavit" classname="com.jpyunism.ollamacloudusage.BalanceTest" time="0.0"/>
  <testcase name="final del periodo consumo bajo es superavit" classname="com.jpyunism.ollamacloudusage.BalanceTest" time="0.0"/>
  <testcase name="label de superavit en espanol" classname="com.jpyunism.ollamacloudusage.BalanceTest" time="0.0"/>
  <testcase name="label de deficit en espanol" classname="com.jpyunism.ollamacloudusage.BalanceTest" time="0.001"/>
  <testcase name="en ritmo exacto devuelve null" classname="com.jpyunism.ollamacloudusage.BalanceTest" time="0.0"/>
  <testcase name="mitad del periodo con consumo mayor al esperado es deficit" classname="com.jpyunism.ollamacloudusage.BalanceTest" time="0.0"/>
  <system-out><![CDATA[]]></system-out>
  <system-err><![CDATA[]]></system-err>
</testsuite>
