<?xml version="1.0" encoding="UTF-8"?>
<testsuite name="com.jpyunism.ollamacloudusage.ProjectionTest" tests="12" skipped="0" failures="0" errors="0" timestamp="2026-09-10T11:56:22.517Z" hostname="server" time="0.002">
  <properties/>
  <testcase name="proyeccion puede superar 100 sin clamp" classname="com.jpyunism.ollamacloudusage.ProjectionTest" time="0.001"/>
  <testcase name="proyeccion con dos puntos calcula la regresion lineal exacta" classname="com.jpyunism.ollamacloudusage.ProjectionTest" time="0.0"/>
  <testcase name="sin snapshots en el periodo actual no hay proyeccion" classname="com.jpyunism.ollamacloudusage.ProjectionTest" time="0.0"/>
  <testcase name="sin anchor devuelve null" classname="com.jpyunism.ollamacloudusage.ProjectionTest" time="0.0"/>
  <testcase name="fallback semana es proximo domingo 21 CLT" classname="com.jpyunism.ollamacloudusage.ProjectionTest" time="0.0"/>
  <testcase name="fallback de sesion no es sintetizable y devuelve null" classname="com.jpyunism.ollamacloudusage.ProjectionTest" time="0.0"/>
  <testcase name="con un solo snapshot en el periodo no hay proyeccion" classname="com.jpyunism.ollamacloudusage.ProjectionTest" time="0.0"/>
  <testcase name="selector de sesion usa sessionPercent" classname="com.jpyunism.ollamacloudusage.ProjectionTest" time="0.0"/>
  <testcase name="proximo reset es el primero estrictamente mayor que now" classname="com.jpyunism.ollamacloudusage.ProjectionTest" time="0.0"/>
  <testcase name="con anchor el periodo actual va del reset pasado al proximo reset" classname="com.jpyunism.ollamacloudusage.ProjectionTest" time="0.0"/>
  <testcase name="fallback semana con now justo antes del domingo 21 usa ese domingo" classname="com.jpyunism.ollamacloudusage.ProjectionTest" time="0.0"/>
  <testcase name="snapshots de periodos anteriores quedan fuera del periodo actual" classname="com.jpyunism.ollamacloudusage.ProjectionTest" time="0.0"/>
  <system-out><![CDATA[]]></system-out>
  <system-err><![CDATA[]]></system-err>
</testsuite>
