<?xml version="1.0" encoding="UTF-8"?>
<testsuite name="com.jpyunism.ollamacloudusage.ShareSummaryTest" tests="2" skipped="0" failures="0" errors="0" timestamp="2026-09-10T11:56:22.536Z" hostname="server" time="0.007">
  <properties/>
  <testcase name="formato completo con top model" classname="com.jpyunism.ollamacloudusage.ShareSummaryTest" time="0.003"/>
  <testcase name="sin modelos omite la parte top" classname="com.jpyunism.ollamacloudusage.ShareSummaryTest" time="0.004"/>
  <system-out><![CDATA[]]></system-out>
  <system-err><![CDATA[]]></system-err>
</testsuite>
